<?xml version="1.0" encoding="UTF-8"?>
<!-- Generated by org.testng.reporters.JUnitReportReporter -->
<testsuite skipped="0" hostname="DESKTOP-J5FF4DJ" name="PangramPackageTestNG.PT_Submit_WithoutText" tests="1" failures="0" timestamp="2022-05-01T12:14:39 CDT" time="4.240" errors="0">
  <testcase name="TC6_PT_Submit_WithoutText" time="4.240" classname="PangramPackageTestNG.PT_Submit_WithoutText"/>
</testsuite> <!-- PangramPackageTestNG.PT_Submit_WithoutText -->
