<?xml version="1.0" encoding="UTF-8"?>
<!-- Generated by org.testng.reporters.JUnitReportReporter -->
<testsuite skipped="0" hostname="DESKTOP-J5FF4DJ" name="PangramPackageTestNG.PT_ClickOn_X_Sign" tests="1" failures="0" timestamp="2022-05-01T12:14:39 CDT" time="4.516" errors="0">
  <testcase name="TC5_PT_ClickOn_X_Sign" time="4.516" classname="PangramPackageTestNG.PT_ClickOn_X_Sign"/>
</testsuite> <!-- PangramPackageTestNG.PT_ClickOn_X_Sign -->
