<?xml version="1.0" encoding="UTF-8"?>
<!-- Generated by org.testng.reporters.JUnitReportReporter -->
<testsuite skipped="0" hostname="DESKTOP-J5FF4DJ" name="PangramPackageTestNG.xxx" tests="2" failures="0" timestamp="2022-05-01T01:04:49 CDT" time="10.978" errors="0">
  <testcase name="Login" time="3.436" classname="PangramPackageTestNG.xxx"/>
  <testcase name="Login2" time="7.542" classname="PangramPackageTestNG.xxx"/>
</testsuite> <!-- PangramPackageTestNG.xxx -->
