<?xml version="1.0" encoding="UTF-8"?>
<!-- Generated by org.testng.reporters.JUnitReportReporter -->
<testsuite skipped="0" hostname="DESKTOP-J5FF4DJ" name="PangramPackageTestNG.PT_TryAgain" tests="1" failures="0" timestamp="2022-05-01T12:14:39 CDT" time="5.480" errors="0">
  <testcase name="TC4_PT_TryAgain" time="5.480" classname="PangramPackageTestNG.PT_TryAgain"/>
</testsuite> <!-- PangramPackageTestNG.PT_TryAgain -->
