<?xml version="1.0" encoding="UTF-8"?>
<!-- Generated by org.testng.reporters.JUnitReportReporter -->
<testsuite skipped="0" hostname="DESKTOP-J5FF4DJ" name="PangramPackageTestNG.PT_26_moreCharacter_nonPangram" tests="1" failures="0" timestamp="2022-05-01T12:14:39 CDT" time="9.043" errors="0">
  <testcase name="TC2_PT_26_moreCharacter_nonPangram" time="9.043" classname="PangramPackageTestNG.PT_26_moreCharacter_nonPangram"/>
</testsuite> <!-- PangramPackageTestNG.PT_26_moreCharacter_nonPangram -->
