<?xml version="1.0" encoding="UTF-8"?>
<!-- Generated by org.testng.reporters.JUnitReportReporter -->
<testsuite skipped="0" hostname="DESKTOP-J5FF4DJ" name="PangramPackageTestNG.PT_SiteSecurityTest" tests="1" failures="0" timestamp="2022-05-01T12:14:39 CDT" time="3.476" errors="0">
  <testcase name="TC1_PT_SiteSecurityTest" time="3.476" classname="PangramPackageTestNG.PT_SiteSecurityTest"/>
</testsuite> <!-- PangramPackageTestNG.PT_SiteSecurityTest -->
