<?xml version="1.0" encoding="UTF-8"?>
<!-- Generated by org.testng.reporters.JUnitReportReporter -->
<testsuite skipped="0" hostname="DESKTOP-J5FF4DJ" name="PangramPackageTestNG.PT_26_moreCharacter_Pangram" tests="1" failures="0" timestamp="2022-05-01T12:14:39 CDT" time="4.870" errors="0">
  <testcase name="TC3_PT_26_moreCharacter_Pangram" time="4.870" classname="PangramPackageTestNG.PT_26_moreCharacter_Pangram"/>
</testsuite> <!-- PangramPackageTestNG.PT_26_moreCharacter_Pangram -->
